<?xml version="1.0" encoding="UTF-8"?>
<!DOCTYPE suite SYSTEM "http://testng.org/testng-1.0.dtd">
<suite name="JUnitTests">
	<test name="OperationsTest" junit="true">
		<classes>
			<class name="application.TestOperations" />
		</classes>
	</test>
</suite> 
