<?xml version="1.0" encoding="UTF-8"?>
<!-- Generated by org.testng.reporters.JUnitXMLReporter -->
<testsuite hostname="147-NAHMED" ignored="0" name="JUnitTests" tests="5" failures="0" timestamp="03 Jul 2018 12:35:16 GMT" time="0.217" errors="0">
  <testcase name="testAddition on testAddition(application.TestOperations)" time="0.027" classname="application.TestOperations"/>
  <testcase name="testDivdieWithZero on testDivdieWithZero(application.TestOperations)" time="0.022" classname="application.TestOperations"/>
  <testcase name="testDivide on testDivide(application.TestOperations)" time="0.025" classname="application.TestOperations"/>
  <testcase name="testMultiply on testMultiply(application.TestOperations)" time="0.028" classname="application.TestOperations"/>
  <testcase name="testSubtraction on testSubtraction(application.TestOperations)" time="0.03" classname="application.TestOperations"/>
</testsuite> <!-- JUnitTests -->
