<?xml version="1.0" encoding="UTF-8"?>
<!-- Generated by org.testng.reporters.JUnitReportReporter -->
<testsuite skipped="0" hostname="147-NAHMED" name="application.TestOperations" tests="5" failures="0" timestamp="03 Jul 2018 12:36:36 GMT" time="0.132" errors="0">
  <testcase name="testAddition" time="0.027" classname="application.TestOperations"/>
  <testcase name="testDivdieWithZero" time="0.022" classname="application.TestOperations"/>
  <testcase name="testMultiply" time="0.028" classname="application.TestOperations"/>
  <testcase name="testDivide" time="0.025" classname="application.TestOperations"/>
  <testcase name="testSubtraction" time="0.030" classname="application.TestOperations"/>
</testsuite> <!-- application.TestOperations -->
