<?xml version="1.0" encoding="UTF-8"?>
<!-- Generated by org.testng.reporters.JUnitReportReporter -->
<testsuite skipped="0" hostname="147-NAHMED" name="test.TestLogin" tests="4" failures="0" timestamp="29 Jun 2018 18:41:57 GMT" time="32.553" errors="0">
  <testcase name="testRegistration" time="16.947" classname="test.TestLogin"/>
  <testcase name="testLogin" time="9.238" classname="test.TestLogin"/>
  <testcase name="testFlightDetails" time="4.127" classname="test.TestLogin"/>
  <testcase name="testselectFlightPrices" time="2.241" classname="test.TestLogin"/>
</testsuite> <!-- test.TestLogin -->
